已經開始建置於 2016/5/18 下午 10:59:44。
     1>節點 2 (Build 目標) 上的專案 "E:\nthu\4\20\Ruen-Rone Lee_Computer Graphics\hw4\CG_HW4\CG_HW4\CG_HW4\CG_HW3.vcxproj"。
     1>C:\Program Files (x86)\MSBuild\Microsoft.Cpp\v4.0\V120\Microsoft.CppBuild.targets(381,5): warning MSB8028: The intermediate directory (Debug\) contains files shared from another project (CG_HW3.vcxproj).  This can lead to incorrect clean and rebuild behavior.
     1>ClCompile:
         C:\Program Files (x86)\Microsoft Visual Studio 12.0\VC\bin\CL.exe /c /I"E:\nthu\4\20\Ruen-Rone Lee_Computer Graphics\hw4\CG_HW4\CG_HW4\CG_HW4\\..\..\include" /ZI /nologo /W3 /WX- /Od /Oy- /D WIN32 /D _DEBUG /D _CONSOLE /D _UNICODE /D UNICODE /Gm /EHsc /RTC1 /MDd /GS /fp:precise /Zc:wchar_t /Zc:forScope /Fo"Debug\\" /Fd"Debug\vc120.pdb" /Gd /TC /analyze- /errorReport:prompt glm.c
         glm.c
         C:\Program Files (x86)\Microsoft Visual Studio 12.0\VC\bin\CL.exe /c /I"E:\nthu\4\20\Ruen-Rone Lee_Computer Graphics\hw4\CG_HW4\CG_HW4\CG_HW4\\..\..\include" /ZI /nologo /W3 /WX- /Od /Oy- /D WIN32 /D _DEBUG /D _CONSOLE /D _UNICODE /D UNICODE /Gm /EHsc /RTC1 /MDd /GS /fp:precise /Zc:wchar_t /Zc:forScope /Fo"Debug\\" /Fd"Debug\vc120.pdb" /Gd /TP /analyze- /errorReport:prompt main.cpp Matrices.cpp model.cpp shader.cpp textfile.cpp utilize.cpp
         utilize.cpp
     1>e:\nthu\4\20\ruen-rone lee_computer graphics\hw4\cg_hw4\cg_hw4\cg_hw4\utilize.cpp(175): warning C4065: switch 陳述式包含 'default'，但沒有 'case' 標籤
     1>e:\nthu\4\20\ruen-rone lee_computer graphics\hw4\cg_hw4\cg_hw4\cg_hw4\utilize.cpp(181): warning C4065: switch 陳述式包含 'default'，但沒有 'case' 標籤
     1>e:\nthu\4\20\ruen-rone lee_computer graphics\hw4\cg_hw4\cg_hw4\cg_hw4\utilize.cpp(247): warning C4305: '引數' : 從 'double' 轉換為 'float'，是由較大的類型轉換為較小的類型，可能導致資料遺失
     1>e:\nthu\4\20\ruen-rone lee_computer graphics\hw4\cg_hw4\cg_hw4\cg_hw4\utilize.cpp(250): warning C4305: '引數' : 從 'double' 轉換為 'float'，是由較大的類型轉換為較小的類型，可能導致資料遺失
     1>e:\nthu\4\20\ruen-rone lee_computer graphics\hw4\cg_hw4\cg_hw4\cg_hw4\utilize.cpp(253): warning C4305: '引數' : 從 'double' 轉換為 'float'，是由較大的類型轉換為較小的類型，可能導致資料遺失
     1>e:\nthu\4\20\ruen-rone lee_computer graphics\hw4\cg_hw4\cg_hw4\cg_hw4\utilize.cpp(256): warning C4305: '引數' : 從 'double' 轉換為 'float'，是由較大的類型轉換為較小的類型，可能導致資料遺失
     1>e:\nthu\4\20\ruen-rone lee_computer graphics\hw4\cg_hw4\cg_hw4\cg_hw4\utilize.cpp(259): warning C4305: '引數' : 從 'double' 轉換為 'float'，是由較大的類型轉換為較小的類型，可能導致資料遺失
     1>e:\nthu\4\20\ruen-rone lee_computer graphics\hw4\cg_hw4\cg_hw4\cg_hw4\utilize.cpp(262): warning C4305: '引數' : 從 'double' 轉換為 'float'，是由較大的類型轉換為較小的類型，可能導致資料遺失
         textfile.cpp
         shader.cpp
         model.cpp
     1>e:\nthu\4\20\ruen-rone lee_computer graphics\hw4\cg_hw4\cg_hw4\cg_hw4\model.cpp(440): warning C4305: '=' : 從 'double' 轉換為 'float'，是由較大的類型轉換為較小的類型，可能導致資料遺失
     1>e:\nthu\4\20\ruen-rone lee_computer graphics\hw4\cg_hw4\cg_hw4\cg_hw4\model.cpp(441): warning C4305: '=' : 從 'double' 轉換為 'float'，是由較大的類型轉換為較小的類型，可能導致資料遺失
     1>e:\nthu\4\20\ruen-rone lee_computer graphics\hw4\cg_hw4\cg_hw4\cg_hw4\model.cpp(473): warning C4305: '=' : 從 'double' 轉換為 'float'，是由較大的類型轉換為較小的類型，可能導致資料遺失
     1>e:\nthu\4\20\ruen-rone lee_computer graphics\hw4\cg_hw4\cg_hw4\cg_hw4\model.cpp(474): warning C4305: '=' : 從 'double' 轉換為 'float'，是由較大的類型轉換為較小的類型，可能導致資料遺失
         Matrices.cpp
     1>e:\nthu\4\20\ruen-rone lee_computer graphics\hw4\cg_hw4\cg_hw4\cg_hw4\matrices.cpp(457): warning C4244: '引數' : 將 'double' 轉換為 'float'，由於類型不同，可能導致資料遺失
     1>e:\nthu\4\20\ruen-rone lee_computer graphics\hw4\cg_hw4\cg_hw4\cg_hw4\matrices.cpp(458): warning C4244: '引數' : 將 'double' 轉換為 'float'，由於類型不同，可能導致資料遺失
         main.cpp
         正在產生程式碼...
       Link:
         C:\Program Files (x86)\Microsoft Visual Studio 12.0\VC\bin\link.exe /ERRORREPORT:PROMPT /OUT:"E:\nthu\4\20\Ruen-Rone Lee_Computer Graphics\hw4\CG_HW4\CG_HW4\CG_HW4\Debug\CG_HW4.exe" /INCREMENTAL:NO /NOLOGO /LIBPATH:"E:\nthu\4\20\Ruen-Rone Lee_Computer Graphics\hw4\CG_HW4\CG_HW4\CG_HW4\\..\..\lib" kernel32.lib user32.lib gdi32.lib winspool.lib comdlg32.lib advapi32.lib shell32.lib ole32.lib oleaut32.lib uuid.lib odbc32.lib odbccp32.lib /MANIFEST /MANIFESTUAC:"level='asInvoker' uiAccess='false'" /manifest:embed /DEBUG /PDB:"E:\nthu\4\20\Ruen-Rone Lee_Computer Graphics\hw4\CG_HW4\CG_HW4\CG_HW4\Debug\CG_HW4.pdb" /SUBSYSTEM:CONSOLE /TLBID:1 /DYNAMICBASE /NXCOMPAT /IMPLIB:"E:\nthu\4\20\Ruen-Rone Lee_Computer Graphics\hw4\CG_HW4\CG_HW4\CG_HW4\Debug\CG_HW4.lib" /MACHINE:X86 Debug\glm.obj
         Debug\main.obj
         Debug\Matrices.obj
         Debug\model.obj
         Debug\shader.obj
         Debug\textfile.obj
         Debug\utilize.obj
     1>glm.obj : warning LNK4075: 忽略 '/EDITANDCONTINUE'，由於 '/OPT:LBR' 規格
         CG_HW3.vcxproj -> E:\nthu\4\20\Ruen-Rone Lee_Computer Graphics\hw4\CG_HW4\CG_HW4\CG_HW4\Debug\CG_HW4.exe
     1>專案 "E:\nthu\4\20\Ruen-Rone Lee_Computer Graphics\hw4\CG_HW4\CG_HW4\CG_HW4\CG_HW3.vcxproj" (Build 目標) 建置完成。

建置成功。

經過時間 00:00:03.40
