已經開始建置於 2016/6/6 上午 11:37:24。
     1>節點 2 (Build 目標) 上的專案 "C:\Users\NTHUCS\Downloads\CG_HW4\CG_HW4\CG_HW4\CG_HW4\CG_HW4.vcxproj"。
     1>C:\Program Files (x86)\MSBuild\Microsoft.Cpp\v4.0\V120\Microsoft.CppBuild.targets(381,5): warning MSB8028: The intermediate directory (Debug\) contains files shared from another project (CG_HW3.vcxproj).  This can lead to incorrect clean and rebuild behavior.
     1>ClCompile:
         C:\Program Files (x86)\Microsoft Visual Studio 12.0\VC\bin\CL.exe /c /IC:\Users\NTHUCS\Downloads\CG_HW4\CG_HW4\CG_HW4\CG_HW4\\..\..\include /ZI /nologo /W3 /WX- /Od /Oy- /D WIN32 /D _DEBUG /D _CONSOLE /D _UNICODE /D UNICODE /Gm /EHsc /RTC1 /MDd /GS /fp:precise /Zc:wchar_t /Zc:forScope /Fo"Debug\\" /Fd"Debug\vc120.pdb" /Gd /TP /analyze- /errorReport:prompt main.cpp model.cpp shader.cpp utilize.cpp
         utilize.cpp
     1>c:\users\nthucs\downloads\cg_hw4\cg_hw4\cg_hw4\cg_hw4\utilize.cpp(104): warning C4305: '引數' : 從 'double' 轉換為 'float'，是由較大的類型轉換為較小的類型，可能導致資料遺失
     1>c:\users\nthucs\downloads\cg_hw4\cg_hw4\cg_hw4\cg_hw4\utilize.cpp(149): warning C4305: '引數' : 從 'double' 轉換為 'float'，是由較大的類型轉換為較小的類型，可能導致資料遺失
     1>c:\users\nthucs\downloads\cg_hw4\cg_hw4\cg_hw4\cg_hw4\utilize.cpp(151): warning C4305: '引數' : 從 'double' 轉換為 'float'，是由較大的類型轉換為較小的類型，可能導致資料遺失
     1>c:\users\nthucs\downloads\cg_hw4\cg_hw4\cg_hw4\cg_hw4\utilize.cpp(217): warning C4305: '引數' : 從 'double' 轉換為 'float'，是由較大的類型轉換為較小的類型，可能導致資料遺失
     1>c:\users\nthucs\downloads\cg_hw4\cg_hw4\cg_hw4\cg_hw4\utilize.cpp(220): warning C4305: '引數' : 從 'double' 轉換為 'float'，是由較大的類型轉換為較小的類型，可能導致資料遺失
     1>c:\users\nthucs\downloads\cg_hw4\cg_hw4\cg_hw4\cg_hw4\utilize.cpp(229): warning C4305: '引數' : 從 'double' 轉換為 'float'，是由較大的類型轉換為較小的類型，可能導致資料遺失
     1>c:\users\nthucs\downloads\cg_hw4\cg_hw4\cg_hw4\cg_hw4\utilize.cpp(232): warning C4305: '引數' : 從 'double' 轉換為 'float'，是由較大的類型轉換為較小的類型，可能導致資料遺失
     1>c:\users\nthucs\downloads\cg_hw4\cg_hw4\cg_hw4\cg_hw4\utilize.cpp(235): warning C4305: '引數' : 從 'double' 轉換為 'float'，是由較大的類型轉換為較小的類型，可能導致資料遺失
         model.cpp
     1>c:\users\nthucs\downloads\cg_hw4\cg_hw4\cg_hw4\cg_hw4\model.cpp(359): warning C4305: '=' : 從 'double' 轉換為 'float'，是由較大的類型轉換為較小的類型，可能導致資料遺失
     1>c:\users\nthucs\downloads\cg_hw4\cg_hw4\cg_hw4\cg_hw4\model.cpp(360): warning C4305: '=' : 從 'double' 轉換為 'float'，是由較大的類型轉換為較小的類型，可能導致資料遺失
     1>c:\users\nthucs\downloads\cg_hw4\cg_hw4\cg_hw4\cg_hw4\model.cpp(392): warning C4305: '=' : 從 'double' 轉換為 'float'，是由較大的類型轉換為較小的類型，可能導致資料遺失
     1>c:\users\nthucs\downloads\cg_hw4\cg_hw4\cg_hw4\cg_hw4\model.cpp(393): warning C4305: '=' : 從 'double' 轉換為 'float'，是由較大的類型轉換為較小的類型，可能導致資料遺失
     1>c:\users\nthucs\downloads\cg_hw4\cg_hw4\cg_hw4\cg_hw4\model.cpp(502): warning C4244: '引數' : 將 'GLfloat' 轉換為 'GLint'，由於類型不同，可能導致資料遺失
     1>c:\users\nthucs\downloads\cg_hw4\cg_hw4\cg_hw4\cg_hw4\model.cpp(556): warning C4244: '引數' : 將 'GLfloat' 轉換為 'GLint'，由於類型不同，可能導致資料遺失
     1>c:\users\nthucs\downloads\cg_hw4\cg_hw4\cg_hw4\cg_hw4\model.cpp(561): warning C4244: '引數' : 將 'GLfloat' 轉換為 'GLint'，由於類型不同，可能導致資料遺失
         正在產生程式碼...
         正在編譯...
         shader.cpp
         main.cpp
         正在產生程式碼...
       Link:
         C:\Program Files (x86)\Microsoft Visual Studio 12.0\VC\bin\link.exe /ERRORREPORT:PROMPT /OUT:"C:\Users\NTHUCS\Downloads\CG_HW4\CG_HW4\CG_HW4\Debug\CG_HW4.exe" /INCREMENTAL:NO /NOLOGO /LIBPATH:C:\Users\NTHUCS\Downloads\CG_HW4\CG_HW4\CG_HW4\CG_HW4\\..\..\lib kernel32.lib user32.lib gdi32.lib winspool.lib comdlg32.lib advapi32.lib shell32.lib ole32.lib oleaut32.lib uuid.lib odbc32.lib odbccp32.lib /MANIFEST /MANIFESTUAC:"level='asInvoker' uiAccess='false'" /manifest:embed /DEBUG /PDB:"C:\Users\NTHUCS\Downloads\CG_HW4\CG_HW4\CG_HW4\Debug\CG_HW4.pdb" /SUBSYSTEM:CONSOLE /TLBID:1 /DYNAMICBASE /NXCOMPAT /IMPLIB:"C:\Users\NTHUCS\Downloads\CG_HW4\CG_HW4\CG_HW4\Debug\CG_HW4.lib" /MACHINE:X86 Debug\glm.obj
         Debug\main.obj
         Debug\Matrices.obj
         Debug\model.obj
         Debug\shader.obj
         Debug\textfile.obj
         Debug\utilize.obj
     1>glm.obj : warning LNK4075: 忽略 '/EDITANDCONTINUE'，由於 '/OPT:LBR' 規格
         CG_HW4.vcxproj -> C:\Users\NTHUCS\Downloads\CG_HW4\CG_HW4\CG_HW4\Debug\CG_HW4.exe
     1>專案 "C:\Users\NTHUCS\Downloads\CG_HW4\CG_HW4\CG_HW4\CG_HW4\CG_HW4.vcxproj" (Build 目標) 建置完成。

建置成功。

經過時間 00:00:01.88
