e:\nthu\4\20\ruen-rone lee_computer graphics\hw3\cg_hw3_from_hw2\cg_hw3\cg_hw3\debug\vc120.pdb
e:\nthu\4\20\ruen-rone lee_computer graphics\hw3\cg_hw3_from_hw2\cg_hw3\cg_hw3\debug\vc120.idb
e:\nthu\4\20\ruen-rone lee_computer graphics\hw3\cg_hw3_from_hw2\cg_hw3\cg_hw3\debug\glm.obj
e:\nthu\4\20\ruen-rone lee_computer graphics\hw3\cg_hw3_from_hw2\cg_hw3\cg_hw3\debug\main.obj
e:\nthu\4\20\ruen-rone lee_computer graphics\hw3\cg_hw3_from_hw2\cg_hw3\cg_hw3\debug\matrices.obj
e:\nthu\4\20\ruen-rone lee_computer graphics\hw3\cg_hw3_from_hw2\cg_hw3\cg_hw3\debug\model.obj
e:\nthu\4\20\ruen-rone lee_computer graphics\hw3\cg_hw3_from_hw2\cg_hw3\cg_hw3\debug\shader.obj
e:\nthu\4\20\ruen-rone lee_computer graphics\hw3\cg_hw3_from_hw2\cg_hw3\cg_hw3\debug\textfile.obj
e:\nthu\4\20\ruen-rone lee_computer graphics\hw3\cg_hw3_from_hw2\cg_hw3\cg_hw3\debug\utilize.obj
e:\nthu\4\20\ruen-rone lee_computer graphics\hw3\cg_hw3_from_hw2\cg_hw3\debug\cg_hw3.pdb
e:\nthu\4\20\ruen-rone lee_computer graphics\hw3\cg_hw3_from_hw2\cg_hw3\cg_hw3\debug\cg_hw3.tlog\cl.command.1.tlog
e:\nthu\4\20\ruen-rone lee_computer graphics\hw3\cg_hw3_from_hw2\cg_hw3\cg_hw3\debug\cg_hw3.tlog\cl.read.1.tlog
e:\nthu\4\20\ruen-rone lee_computer graphics\hw3\cg_hw3_from_hw2\cg_hw3\cg_hw3\debug\cg_hw3.tlog\cl.write.1.tlog
e:\nthu\4\20\ruen-rone lee_computer graphics\hw3\cg_hw3_from_hw2\cg_hw3\cg_hw3\debug\cg_hw3.tlog\link-cvtres.read.1.tlog
e:\nthu\4\20\ruen-rone lee_computer graphics\hw3\cg_hw3_from_hw2\cg_hw3\cg_hw3\debug\cg_hw3.tlog\link-cvtres.write.1.tlog
e:\nthu\4\20\ruen-rone lee_computer graphics\hw3\cg_hw3_from_hw2\cg_hw3\cg_hw3\debug\cg_hw3.tlog\link-rc.read.1.tlog
e:\nthu\4\20\ruen-rone lee_computer graphics\hw3\cg_hw3_from_hw2\cg_hw3\cg_hw3\debug\cg_hw3.tlog\link-rc.write.1.tlog
e:\nthu\4\20\ruen-rone lee_computer graphics\hw3\cg_hw3_from_hw2\cg_hw3\cg_hw3\debug\cg_hw3.tlog\link.command.1.tlog
e:\nthu\4\20\ruen-rone lee_computer graphics\hw3\cg_hw3_from_hw2\cg_hw3\cg_hw3\debug\cg_hw3.tlog\link.read.1.tlog
e:\nthu\4\20\ruen-rone lee_computer graphics\hw3\cg_hw3_from_hw2\cg_hw3\cg_hw3\debug\cg_hw3.tlog\link.write.1.tlog
