e:\nthu\4\20\ruen-rone lee_computer graphics\hw1\cg_hw1_framework\cg_hw1\cg_hw1\cg_hw1\cg_hw1\release\vc120.pdb
e:\nthu\4\20\ruen-rone lee_computer graphics\hw1\cg_hw1_framework\cg_hw1\cg_hw1\cg_hw1\cg_hw1\release\glm.obj
e:\nthu\4\20\ruen-rone lee_computer graphics\hw1\cg_hw1_framework\cg_hw1\cg_hw1\cg_hw1\cg_hw1\release\textfile.obj
e:\nthu\4\20\ruen-rone lee_computer graphics\hw1\cg_hw1_framework\cg_hw1\cg_hw1\cg_hw1\cg_hw1\release\main.obj
e:\nthu\4\20\ruen-rone lee_computer graphics\hw1\cg_hw1_framework\cg_hw1\cg_hw1\cg_hw1\cg_hw1\release\utilize.obj
e:\nthu\4\20\ruen-rone lee_computer graphics\hw1\cg_hw1_framework\cg_hw1\cg_hw1\cg_hw1\cg_hw1\release\model.obj
e:\nthu\4\20\ruen-rone lee_computer graphics\hw1\cg_hw1_framework\cg_hw1\cg_hw1\cg_hw1\cg_hw1\release\shader.obj
e:\nthu\4\20\ruen-rone lee_computer graphics\hw1\cg_hw1_my\cg_hw1\cg_hw1\cg_hw1\release\vc120.pdb
e:\nthu\4\20\ruen-rone lee_computer graphics\hw1\cg_hw1_my\cg_hw1\cg_hw1\cg_hw1\release\glm.obj
e:\nthu\4\20\ruen-rone lee_computer graphics\hw1\cg_hw1_my\cg_hw1\cg_hw1\cg_hw1\release\utilize.obj
e:\nthu\4\20\ruen-rone lee_computer graphics\hw1\cg_hw1_my\cg_hw1\cg_hw1\cg_hw1\release\textfile.obj
e:\nthu\4\20\ruen-rone lee_computer graphics\hw1\cg_hw1_my\cg_hw1\cg_hw1\cg_hw1\release\shader.obj
e:\nthu\4\20\ruen-rone lee_computer graphics\hw1\cg_hw1_my\cg_hw1\cg_hw1\cg_hw1\release\model.obj
e:\nthu\4\20\ruen-rone lee_computer graphics\hw1\cg_hw1_my\cg_hw1\cg_hw1\cg_hw1\release\main.obj
e:\nthu\4\20\ruen-rone lee_computer graphics\hw1\cg_hw1_framework\cg_hw1\cg_hw1\cg_hw1\release\cg_hw1.exe
e:\nthu\4\20\ruen-rone lee_computer graphics\hw1\cg_hw1_framework\cg_hw1\cg_hw1\cg_hw1\release\cg_hw1.pdb
e:\nthu\4\20\ruen-rone lee_computer graphics\hw1\cg_hw1_my\cg_hw1\cg_hw1\release\cg_hw1.pdb
e:\nthu\4\20\ruen-rone lee_computer graphics\hw1\cg_hw1_my\cg_hw1\cg_hw1\cg_hw1\release\cg_hw1.tlog\cl.command.1.tlog
e:\nthu\4\20\ruen-rone lee_computer graphics\hw1\cg_hw1_my\cg_hw1\cg_hw1\cg_hw1\release\cg_hw1.tlog\cl.read.1.tlog
e:\nthu\4\20\ruen-rone lee_computer graphics\hw1\cg_hw1_my\cg_hw1\cg_hw1\cg_hw1\release\cg_hw1.tlog\cl.write.1.tlog
e:\nthu\4\20\ruen-rone lee_computer graphics\hw1\cg_hw1_my\cg_hw1\cg_hw1\cg_hw1\release\cg_hw1.tlog\link.command.1.tlog
e:\nthu\4\20\ruen-rone lee_computer graphics\hw1\cg_hw1_my\cg_hw1\cg_hw1\cg_hw1\release\cg_hw1.tlog\link.read.1.tlog
e:\nthu\4\20\ruen-rone lee_computer graphics\hw1\cg_hw1_my\cg_hw1\cg_hw1\cg_hw1\release\cg_hw1.tlog\link.write.1.tlog
