e:\nthu\4\20\ruen-rone lee_computer graphics\hw2\cg_hw2\cg_hw2\cg_hw2\release\vc120.pdb
e:\nthu\4\20\ruen-rone lee_computer graphics\hw2\cg_hw2\cg_hw2\cg_hw2\release\glm.obj
e:\nthu\4\20\ruen-rone lee_computer graphics\hw2\cg_hw2\cg_hw2\cg_hw2\release\textfile.obj
e:\nthu\4\20\ruen-rone lee_computer graphics\hw2\cg_hw2\cg_hw2\cg_hw2\release\matrices.obj
e:\nthu\4\20\ruen-rone lee_computer graphics\hw2\cg_hw2\cg_hw2\cg_hw2\release\main.obj
e:\nthu\4\20\ruen-rone lee_computer graphics\hw2\cg_hw2_from_hw1\cg_hw2\cg_hw2\release\vc120.pdb
e:\nthu\4\20\ruen-rone lee_computer graphics\hw2\cg_hw2_from_hw1\cg_hw2\cg_hw2\release\glm.obj
e:\nthu\4\20\ruen-rone lee_computer graphics\hw2\cg_hw2_from_hw1\cg_hw2\cg_hw2\release\utilize.obj
e:\nthu\4\20\ruen-rone lee_computer graphics\hw2\cg_hw2_from_hw1\cg_hw2\cg_hw2\release\textfile.obj
e:\nthu\4\20\ruen-rone lee_computer graphics\hw2\cg_hw2_from_hw1\cg_hw2\cg_hw2\release\shader.obj
e:\nthu\4\20\ruen-rone lee_computer graphics\hw2\cg_hw2_from_hw1\cg_hw2\cg_hw2\release\model.obj
e:\nthu\4\20\ruen-rone lee_computer graphics\hw2\cg_hw2_from_hw1\cg_hw2\cg_hw2\release\matrices.obj
e:\nthu\4\20\ruen-rone lee_computer graphics\hw2\cg_hw2_from_hw1\cg_hw2\cg_hw2\release\main.obj
e:\nthu\4\20\ruen-rone lee_computer graphics\hw2\cg_hw2\cg_hw2\release\cg_hw2.exe
e:\nthu\4\20\ruen-rone lee_computer graphics\hw2\cg_hw2\cg_hw2\release\cg_hw2.pdb
e:\nthu\4\20\ruen-rone lee_computer graphics\hw2\cg_hw2_from_hw1\cg_hw2\release\cg_hw2.exe
e:\nthu\4\20\ruen-rone lee_computer graphics\hw2\cg_hw2_from_hw1\cg_hw2\release\cg_hw2.pdb
e:\nthu\4\20\ruen-rone lee_computer graphics\hw2\cg_hw2_from_hw1\cg_hw2\cg_hw2\release\cg_hw2.tlog\cl.command.1.tlog
e:\nthu\4\20\ruen-rone lee_computer graphics\hw2\cg_hw2_from_hw1\cg_hw2\cg_hw2\release\cg_hw2.tlog\cl.read.1.tlog
e:\nthu\4\20\ruen-rone lee_computer graphics\hw2\cg_hw2_from_hw1\cg_hw2\cg_hw2\release\cg_hw2.tlog\cl.write.1.tlog
e:\nthu\4\20\ruen-rone lee_computer graphics\hw2\cg_hw2_from_hw1\cg_hw2\cg_hw2\release\cg_hw2.tlog\link.command.1.tlog
e:\nthu\4\20\ruen-rone lee_computer graphics\hw2\cg_hw2_from_hw1\cg_hw2\cg_hw2\release\cg_hw2.tlog\link.read.1.tlog
e:\nthu\4\20\ruen-rone lee_computer graphics\hw2\cg_hw2_from_hw1\cg_hw2\cg_hw2\release\cg_hw2.tlog\link.write.1.tlog
