已經開始建置於 2016/5/13 下午 05:06:51。
     1>節點 2 (Build 目標) 上的專案 "E:\nthu\4\20\Ruen-Rone Lee_Computer Graphics\hw3\CG_HW3_from_HW2\CG_HW3\CG_HW3\CG_HW3.vcxproj"。
     1>ClCompile:
         C:\Program Files (x86)\Microsoft Visual Studio 12.0\VC\bin\CL.exe /c /I"E:\nthu\4\20\Ruen-Rone Lee_Computer Graphics\hw3\CG_HW3_from_HW2\CG_HW3\CG_HW3\\..\..\include" /ZI /nologo /W3 /WX- /Od /Oy- /D WIN32 /D _DEBUG /D _CONSOLE /D _UNICODE /D UNICODE /Gm /EHsc /RTC1 /MDd /GS /fp:precise /Zc:wchar_t /Zc:forScope /Fo"Debug\\" /Fd"Debug\vc120.pdb" /Gd /TP /analyze- /errorReport:prompt model.cpp
         model.cpp
     1>e:\nthu\4\20\ruen-rone lee_computer graphics\hw3\cg_hw3_from_hw2\cg_hw3\cg_hw3\model.cpp(436): warning C4305: '=' : 從 'double' 轉換為 'float'，是由較大的類型轉換為較小的類型，可能導致資料遺失
     1>e:\nthu\4\20\ruen-rone lee_computer graphics\hw3\cg_hw3_from_hw2\cg_hw3\cg_hw3\model.cpp(437): warning C4305: '=' : 從 'double' 轉換為 'float'，是由較大的類型轉換為較小的類型，可能導致資料遺失
     1>e:\nthu\4\20\ruen-rone lee_computer graphics\hw3\cg_hw3_from_hw2\cg_hw3\cg_hw3\model.cpp(469): warning C4305: '=' : 從 'double' 轉換為 'float'，是由較大的類型轉換為較小的類型，可能導致資料遺失
     1>e:\nthu\4\20\ruen-rone lee_computer graphics\hw3\cg_hw3_from_hw2\cg_hw3\cg_hw3\model.cpp(470): warning C4305: '=' : 從 'double' 轉換為 'float'，是由較大的類型轉換為較小的類型，可能導致資料遺失
     1>e:\nthu\4\20\ruen-rone lee_computer graphics\hw3\cg_hw3_from_hw2\cg_hw3\cg_hw3\model.cpp(600): warning C4018: '<' : signed/unsigned 不相符
       Link:
         C:\Program Files (x86)\Microsoft Visual Studio 12.0\VC\bin\link.exe /ERRORREPORT:PROMPT /OUT:"E:\nthu\4\20\Ruen-Rone Lee_Computer Graphics\hw3\CG_HW3_from_HW2\CG_HW3\Debug\CG_HW3.exe" /INCREMENTAL:NO /NOLOGO /LIBPATH:"E:\nthu\4\20\Ruen-Rone Lee_Computer Graphics\hw3\CG_HW3_from_HW2\CG_HW3\CG_HW3\\..\..\lib" kernel32.lib user32.lib gdi32.lib winspool.lib comdlg32.lib advapi32.lib shell32.lib ole32.lib oleaut32.lib uuid.lib odbc32.lib odbccp32.lib /MANIFEST /MANIFESTUAC:"level='asInvoker' uiAccess='false'" /manifest:embed /DEBUG /PDB:"E:\nthu\4\20\Ruen-Rone Lee_Computer Graphics\hw3\CG_HW3_from_HW2\CG_HW3\Debug\CG_HW3.pdb" /SUBSYSTEM:CONSOLE /TLBID:1 /DYNAMICBASE /NXCOMPAT /IMPLIB:"E:\nthu\4\20\Ruen-Rone Lee_Computer Graphics\hw3\CG_HW3_from_HW2\CG_HW3\Debug\CG_HW3.lib" /MACHINE:X86 Debug\glm.obj
         Debug\main.obj
         Debug\Matrices.obj
         Debug\model.obj
         Debug\shader.obj
         Debug\textfile.obj
         Debug\utilize.obj
     1>glm.obj : warning LNK4075: 忽略 '/EDITANDCONTINUE'，由於 '/OPT:LBR' 規格
         CG_HW3.vcxproj -> E:\nthu\4\20\Ruen-Rone Lee_Computer Graphics\hw3\CG_HW3_from_HW2\CG_HW3\Debug\CG_HW3.exe
     1>專案 "E:\nthu\4\20\Ruen-Rone Lee_Computer Graphics\hw3\CG_HW3_from_HW2\CG_HW3\CG_HW3\CG_HW3.vcxproj" (Build 目標) 建置完成。

建置成功。

經過時間 00:00:00.75
