已經開始建置於 2016/4/23 下午 10:21:09。
     1>節點 2 (Build 目標) 上的專案 "E:\nthu\4\20\Ruen-Rone Lee_Computer Graphics\hw2\CG_HW2_bonus\CG_HW2\CG_HW2\CG_HW2.vcxproj"。
     1>ClCompile:
         C:\Program Files (x86)\Microsoft Visual Studio 12.0\VC\bin\CL.exe /c /I"E:\nthu\4\20\Ruen-Rone Lee_Computer Graphics\hw2\CG_HW2_bonus\CG_HW2\CG_HW2\\..\..\include" /Zi /nologo /W3 /WX- /O2 /Oi /Oy- /GL /D WIN32 /D NDEBUG /D _CONSOLE /D _UNICODE /D UNICODE /Gm- /EHsc /MD /GS /Gy /fp:precise /Zc:wchar_t /Zc:forScope /Fo"Release\\" /Fd"Release\vc120.pdb" /Gd /TP /analyze- /errorReport:prompt utilize.cpp
         utilize.cpp
     1>utilize.cpp(44): warning C4065: switch 陳述式包含 'default'，但沒有 'case' 標籤
     1>utilize.cpp(50): warning C4065: switch 陳述式包含 'default'，但沒有 'case' 標籤
     1>utilize.cpp(111): warning C4305: '+=' : 從 'double' 轉換為 'float'，是由較大的類型轉換為較小的類型，可能導致資料遺失
     1>utilize.cpp(112): warning C4305: '+=' : 從 'double' 轉換為 'float'，是由較大的類型轉換為較小的類型，可能導致資料遺失
     1>utilize.cpp(113): warning C4305: '+=' : 從 'double' 轉換為 'float'，是由較大的類型轉換為較小的類型，可能導致資料遺失
     1>utilize.cpp(132): warning C4305: '+=' : 從 'double' 轉換為 'float'，是由較大的類型轉換為較小的類型，可能導致資料遺失
     1>utilize.cpp(133): warning C4305: '+=' : 從 'double' 轉換為 'float'，是由較大的類型轉換為較小的類型，可能導致資料遺失
     1>utilize.cpp(134): warning C4305: '+=' : 從 'double' 轉換為 'float'，是由較大的類型轉換為較小的類型，可能導致資料遺失
     1>utilize.cpp(153): warning C4305: '+=' : 從 'double' 轉換為 'float'，是由較大的類型轉換為較小的類型，可能導致資料遺失
     1>utilize.cpp(154): warning C4305: '+=' : 從 'double' 轉換為 'float'，是由較大的類型轉換為較小的類型，可能導致資料遺失
     1>utilize.cpp(155): warning C4305: '+=' : 從 'double' 轉換為 'float'，是由較大的類型轉換為較小的類型，可能導致資料遺失
     1>utilize.cpp(174): warning C4305: '-=' : 從 'double' 轉換為 'float'，是由較大的類型轉換為較小的類型，可能導致資料遺失
     1>utilize.cpp(175): warning C4305: '-=' : 從 'double' 轉換為 'float'，是由較大的類型轉換為較小的類型，可能導致資料遺失
     1>utilize.cpp(176): warning C4305: '-=' : 從 'double' 轉換為 'float'，是由較大的類型轉換為較小的類型，可能導致資料遺失
     1>utilize.cpp(195): warning C4305: '-=' : 從 'double' 轉換為 'float'，是由較大的類型轉換為較小的類型，可能導致資料遺失
     1>utilize.cpp(196): warning C4305: '-=' : 從 'double' 轉換為 'float'，是由較大的類型轉換為較小的類型，可能導致資料遺失
     1>utilize.cpp(197): warning C4305: '-=' : 從 'double' 轉換為 'float'，是由較大的類型轉換為較小的類型，可能導致資料遺失
     1>utilize.cpp(216): warning C4305: '-=' : 從 'double' 轉換為 'float'，是由較大的類型轉換為較小的類型，可能導致資料遺失
     1>utilize.cpp(217): warning C4305: '-=' : 從 'double' 轉換為 'float'，是由較大的類型轉換為較小的類型，可能導致資料遺失
     1>utilize.cpp(218): warning C4305: '-=' : 從 'double' 轉換為 'float'，是由較大的類型轉換為較小的類型，可能導致資料遺失
       Link:
         C:\Program Files (x86)\Microsoft Visual Studio 12.0\VC\bin\link.exe /ERRORREPORT:PROMPT /OUT:"E:\nthu\4\20\Ruen-Rone Lee_Computer Graphics\hw2\CG_HW2_bonus\CG_HW2\Release\CG_HW2.exe" /INCREMENTAL:NO /NOLOGO /LIBPATH:"E:\nthu\4\20\Ruen-Rone Lee_Computer Graphics\hw2\CG_HW2_bonus\CG_HW2\CG_HW2\\..\..\lib" kernel32.lib user32.lib gdi32.lib winspool.lib comdlg32.lib advapi32.lib shell32.lib ole32.lib oleaut32.lib uuid.lib odbc32.lib odbccp32.lib /MANIFEST /MANIFESTUAC:"level='asInvoker' uiAccess='false'" /manifest:embed /DEBUG /PDB:"E:\nthu\4\20\Ruen-Rone Lee_Computer Graphics\hw2\CG_HW2_bonus\CG_HW2\Release\CG_HW2.pdb" /SUBSYSTEM:CONSOLE /OPT:REF /OPT:ICF /LTCG /TLBID:1 /DYNAMICBASE /NXCOMPAT /IMPLIB:"E:\nthu\4\20\Ruen-Rone Lee_Computer Graphics\hw2\CG_HW2_bonus\CG_HW2\Release\CG_HW2.lib" /MACHINE:X86 /SAFESEH Release\glm.obj
         Release\main.obj
         Release\Matrices.obj
         Release\model.obj
         Release\shader.obj
         Release\textfile.obj
         Release\utilize.obj
         正在產生程式碼
         已完成程式碼產生
         CG_HW2.vcxproj -> E:\nthu\4\20\Ruen-Rone Lee_Computer Graphics\hw2\CG_HW2_bonus\CG_HW2\Release\CG_HW2.exe
     1>專案 "E:\nthu\4\20\Ruen-Rone Lee_Computer Graphics\hw2\CG_HW2_bonus\CG_HW2\CG_HW2\CG_HW2.vcxproj" (Build 目標) 建置完成。

建置成功。

經過時間 00:00:02.95
